/*C3*/SET SCHEMA PUBLIC
INSERT INTO UTILISATEUR VALUES(1,'bobby','2018-02-13 16:51:13.088000','bobby','bobby')
ALTER SEQUENCE PUBLIC.HIBERNATE_SEQUENCE RESTART WITH 2
COMMIT
INSERT INTO FILDISCUSSION VALUES(2,'bobby','2018-02-13 16:51:19.721000',0,'bobby')
ALTER SEQUENCE PUBLIC.HIBERNATE_SEQUENCE RESTART WITH 3
COMMIT
INSERT INTO POST VALUES(3,'bobby','bobby','2018-02-13 16:51:19.721000',2)
ALTER SEQUENCE PUBLIC.HIBERNATE_SEQUENCE RESTART WITH 4
COMMIT
INSERT INTO FILDISCUSSION VALUES(4,'bobby','2018-02-13 16:52:45.904000',0,'Tommy')
ALTER SEQUENCE PUBLIC.HIBERNATE_SEQUENCE RESTART WITH 5
COMMIT
INSERT INTO POST VALUES(5,'bobby','Tommy','2018-02-13 16:52:45.904000',4)
ALTER SEQUENCE PUBLIC.HIBERNATE_SEQUENCE RESTART WITH 6
COMMIT
DELETE FROM FILDISCUSSION WHERE ID=2
INSERT INTO FILDISCUSSION VALUES(2,'bobby','2018-02-13 16:51:19.721000',1,'bobby')
COMMIT
DELETE FROM FILDISCUSSION WHERE ID=4
INSERT INTO FILDISCUSSION VALUES(4,'bobby','2018-02-13 16:52:45.904000',1,'Tommy')
COMMIT
DELETE FROM FILDISCUSSION WHERE ID=2
INSERT INTO FILDISCUSSION VALUES(2,'bobby','2018-02-13 16:51:19.721000',2,'bobby')
COMMIT
DELETE FROM FILDISCUSSION WHERE ID=4
INSERT INTO FILDISCUSSION VALUES(4,'bobby','2018-02-13 16:52:45.904000',2,'Tommy')
COMMIT
DELETE FROM FILDISCUSSION WHERE ID=2
INSERT INTO FILDISCUSSION VALUES(2,'bobby','2018-02-13 16:51:19.721000',3,'bobby')
COMMIT
